2021-01-08 15:21:38,079 INFO o.a.j.u.JMeterUtils: Setting Locale to en_EN
2021-01-08 15:21:38,091 INFO o.a.j.JMeter: Loading user properties from: D:\apache-jmeter-5.3\bin\user.properties
2021-01-08 15:21:38,091 INFO o.a.j.JMeter: Loading system properties from: D:\apache-jmeter-5.3\bin\system.properties
2021-01-08 15:21:38,092 INFO o.a.j.JMeter: Setting JMeter property: threadCount=5
2021-01-08 15:21:38,093 INFO o.a.j.JMeter: Copyright (c) 1998-2020 The Apache Software Foundation
2021-01-08 15:21:38,093 INFO o.a.j.JMeter: Version 5.3
2021-01-08 15:21:38,093 INFO o.a.j.JMeter: java.version=1.8.0_241
2021-01-08 15:21:38,093 INFO o.a.j.JMeter: java.vm.name=Java HotSpot(TM) 64-Bit Server VM
2021-01-08 15:21:38,093 INFO o.a.j.JMeter: os.name=Windows 10
2021-01-08 15:21:38,093 INFO o.a.j.JMeter: os.arch=amd64
2021-01-08 15:21:38,093 INFO o.a.j.JMeter: os.version=10.0
2021-01-08 15:21:38,093 INFO o.a.j.JMeter: file.encoding=GBK
2021-01-08 15:21:38,093 INFO o.a.j.JMeter: java.awt.headless=true
2021-01-08 15:21:38,094 INFO o.a.j.JMeter: Max memory     =1073741824
2021-01-08 15:21:38,094 INFO o.a.j.JMeter: Available Processors =8
2021-01-08 15:21:38,098 INFO o.a.j.JMeter: Default Locale=English (EN)
2021-01-08 15:21:38,099 INFO o.a.j.JMeter: JMeter  Locale=English (EN)
2021-01-08 15:21:38,099 INFO o.a.j.JMeter: JMeterHome=D:\apache-jmeter-5.3
2021-01-08 15:21:38,099 INFO o.a.j.JMeter: user.dir  =D:\workspace_java\PerformanceAnalysis
2021-01-08 15:21:38,099 INFO o.a.j.JMeter: PWD       =D:\workspace_java\PerformanceAnalysis
2021-01-08 15:21:38,114 INFO o.a.j.JMeter: IP: 192.168.30.74 Name: DESKTOP-VN3ID57 FullName: DESKTOP-VN3ID57
2021-01-08 15:21:38,117 INFO o.a.j.JMeter: Setting property 'jmeter.reportgenerator.outputdir' to:'D:\apache-jmeter-5.3\report\test0120210108152136'
2021-01-08 15:21:38,120 INFO o.a.j.s.FileServer: Default base='D:\workspace_java\PerformanceAnalysis'
2021-01-08 15:21:38,124 INFO o.a.j.s.FileServer: Set new base='D:\apache-jmeter-5.3\script'
2021-01-08 15:21:38,255 INFO o.a.j.s.SaveService: Testplan (JMX) version: 2.2. Testlog (JTL) version: 2.2
2021-01-08 15:21:38,273 INFO o.a.j.s.SaveService: Using SaveService properties file encoding UTF-8
2021-01-08 15:21:38,278 INFO o.a.j.s.SaveService: Using SaveService properties version 5.0
2021-01-08 15:21:38,284 INFO o.a.j.s.SaveService: Loading file: D:\apache-jmeter-5.3\script\test01.jmx
2021-01-08 15:21:38,336 INFO o.a.j.p.h.s.HTTPSamplerBase: Parser for text/html is org.apache.jmeter.protocol.http.parser.LagartoBasedHtmlParser
2021-01-08 15:21:38,336 INFO o.a.j.p.h.s.HTTPSamplerBase: Parser for application/xhtml+xml is org.apache.jmeter.protocol.http.parser.LagartoBasedHtmlParser
2021-01-08 15:21:38,336 INFO o.a.j.p.h.s.HTTPSamplerBase: Parser for application/xml is org.apache.jmeter.protocol.http.parser.LagartoBasedHtmlParser
2021-01-08 15:21:38,337 INFO o.a.j.p.h.s.HTTPSamplerBase: Parser for text/xml is org.apache.jmeter.protocol.http.parser.LagartoBasedHtmlParser
2021-01-08 15:21:38,337 INFO o.a.j.p.h.s.HTTPSamplerBase: Parser for text/vnd.wap.wml is org.apache.jmeter.protocol.http.parser.RegexpHTMLParser
2021-01-08 15:21:38,337 INFO o.a.j.p.h.s.HTTPSamplerBase: Parser for text/css is org.apache.jmeter.protocol.http.parser.CssParser
2021-01-08 15:21:38,372 INFO o.a.j.JMeter: Creating summariser <summary>
2021-01-08 15:21:38,378 INFO o.a.j.r.d.ReportGenerator: ReportGenerator will use for Parsing the separator: ','
2021-01-08 15:21:38,378 INFO o.a.j.r.d.ReportGenerator: Will generate report at end of test from  results file: D:\apache-jmeter-5.3\result\test0120210108152136.jtl
2021-01-08 15:21:38,378 INFO o.a.j.r.d.ReportGenerator: Reading report generator properties from: D:\apache-jmeter-5.3\bin\reportgenerator.properties
2021-01-08 15:21:38,379 INFO o.a.j.r.d.ReportGenerator: Merging with JMeter properties
2021-01-08 15:21:38,384 INFO o.a.j.r.c.ReportGeneratorConfiguration: Property 'jmeter.reportgenerator.temp_dir' not found, using default value 'temp' instead.
2021-01-08 15:21:38,388 INFO o.a.j.r.c.ReportGeneratorConfiguration: Property 'jmeter.reportgenerator.apdex_per_transaction' not found, using default value 'null' instead.
2021-01-08 15:21:38,388 INFO o.a.j.r.c.ReportGeneratorConfiguration: apdex_per_transaction is empty, not APDEX per transaction customization
2021-01-08 15:21:38,388 INFO o.a.j.r.c.ReportGeneratorConfiguration: Property 'jmeter.reportgenerator.sample_filter' not found, using default value 'null' instead.
2021-01-08 15:21:38,388 INFO o.a.j.r.c.ReportGeneratorConfiguration: Property 'jmeter.reportgenerator.report_title' not found, using default value 'null' instead.
2021-01-08 15:21:38,388 INFO o.a.j.r.c.ReportGeneratorConfiguration: Property 'jmeter.reportgenerator.start_date' not found, using default value 'null' instead.
2021-01-08 15:21:38,388 INFO o.a.j.r.c.ReportGeneratorConfiguration: Property 'jmeter.reportgenerator.end_date' not found, using default value 'null' instead.
2021-01-08 15:21:38,389 INFO o.a.j.r.c.ReportGeneratorConfiguration: Property 'jmeter.reportgenerator.date_format' not found, using default value 'null' instead.
2021-01-08 15:21:38,389 INFO o.a.j.r.c.ReportGeneratorConfiguration: Will use date range start date: null, end date: null
2021-01-08 15:21:38,393 INFO o.a.j.r.c.ReportGeneratorConfiguration: Property 'jmeter.reportgenerator.graph.totalTPS.exclude_controllers' not found, using default value 'false' instead.
2021-01-08 15:21:38,393 INFO o.a.j.r.c.ReportGeneratorConfiguration: Property 'jmeter.reportgenerator.graph.activeThreadsOverTime.exclude_controllers' not found, using default value 'false' instead.
2021-01-08 15:21:38,393 INFO o.a.j.r.c.ReportGeneratorConfiguration: Property 'jmeter.reportgenerator.graph.timeVsThreads.exclude_controllers' not found, using default value 'false' instead.
2021-01-08 15:21:38,393 INFO o.a.j.r.c.ReportGeneratorConfiguration: Property 'jmeter.reportgenerator.graph.responseTimeDistribution.exclude_controllers' not found, using default value 'false' instead.
2021-01-08 15:21:38,394 INFO o.a.j.r.c.ReportGeneratorConfiguration: Property 'jmeter.reportgenerator.graph.transactionsPerSecond.exclude_controllers' not found, using default value 'false' instead.
2021-01-08 15:21:38,394 INFO o.a.j.r.c.ReportGeneratorConfiguration: Property 'jmeter.reportgenerator.graph.responseTimePercentiles.exclude_controllers' not found, using default value 'false' instead.
2021-01-08 15:21:38,394 INFO o.a.j.r.c.ReportGeneratorConfiguration: Property 'jmeter.reportgenerator.graph.responseTimePercentilesOverTime.exclude_controllers' not found, using default value 'false' instead.
2021-01-08 15:21:38,394 INFO o.a.j.r.c.ReportGeneratorConfiguration: Property 'jmeter.reportgenerator.graph.responseTimesOverTime.exclude_controllers' not found, using default value 'false' instead.
2021-01-08 15:21:38,394 INFO o.a.j.r.c.ReportGeneratorConfiguration: Property 'jmeter.reportgenerator.graph.connectTimeOverTime.exclude_controllers' not found, using default value 'false' instead.
2021-01-08 15:21:38,395 INFO o.a.j.r.c.ReportGeneratorConfiguration: Property 'jmeter.reportgenerator.graph.latenciesOverTime.exclude_controllers' not found, using default value 'false' instead.
2021-01-08 15:21:38,396 INFO o.a.j.r.c.ReportGeneratorConfiguration: Property 'jmeter.reportgenerator.exporter.json.filters_only_sample_series' not found, using default value 'true' instead.
2021-01-08 15:21:38,396 INFO o.a.j.r.c.ReportGeneratorConfiguration: Property 'jmeter.reportgenerator.exporter.json.series_filter' not found, using default value '' instead.
2021-01-08 15:21:38,397 INFO o.a.j.r.c.ReportGeneratorConfiguration: Property 'jmeter.reportgenerator.exporter.json.show_controllers_only' not found, using default value 'false' instead.
2021-01-08 15:21:38,398 INFO o.a.j.r.c.ReportGeneratorConfiguration: Property 'jmeter.reportgenerator.exporter.html.filters_only_sample_series' not found, using default value 'true' instead.
2021-01-08 15:21:38,398 INFO o.a.j.r.c.ReportGeneratorConfiguration: Property 'jmeter.reportgenerator.exporter.html.series_filter' not found, using default value '' instead.
2021-01-08 15:21:38,398 INFO o.a.j.r.c.ReportGeneratorConfiguration: Property 'jmeter.reportgenerator.exporter.html.show_controllers_only' not found, using default value 'false' instead.
2021-01-08 15:21:38,404 INFO o.a.j.e.StandardJMeterEngine: Running the test!
2021-01-08 15:21:38,404 INFO o.a.j.s.SampleEvent: List of sample_variables: []
2021-01-08 15:21:38,404 INFO o.a.j.s.SampleEvent: List of sample_variables: []
2021-01-08 15:21:38,410 INFO o.a.j.e.u.CompoundVariable: Note: Function class names must contain the string: '.functions.'
2021-01-08 15:21:38,410 INFO o.a.j.e.u.CompoundVariable: Note: Function class names must not contain the string: '.gui.'
2021-01-08 15:21:38,731 INFO o.a.j.JMeter: Running test (1610090498731)
2021-01-08 15:21:38,764 INFO o.a.j.e.StandardJMeterEngine: Starting ThreadGroup: 1 : Thread Group
2021-01-08 15:21:38,765 INFO o.a.j.e.StandardJMeterEngine: Starting 5 threads for group Thread Group.
2021-01-08 15:21:38,765 INFO o.a.j.e.StandardJMeterEngine: Thread will continue on error
2021-01-08 15:21:38,765 INFO o.a.j.t.ThreadGroup: Starting thread group... number=1 threads=5 ramp-up=1 delayedStart=false
2021-01-08 15:21:38,770 INFO o.a.j.t.ThreadGroup: Started thread group number 1
2021-01-08 15:21:38,771 INFO o.a.j.e.StandardJMeterEngine: All thread groups have been started
2021-01-08 15:21:38,773 INFO o.a.j.s.SampleResult: Note: Sample TimeStamps are START times
2021-01-08 15:21:38,773 INFO o.a.j.s.SampleResult: sampleresult.default.encoding is set to utf-8
2021-01-08 15:21:38,773 INFO o.a.j.s.SampleResult: sampleresult.useNanoTime=true
2021-01-08 15:21:38,773 INFO o.a.j.s.SampleResult: sampleresult.nanoThreadSleep=5000
2021-01-08 15:21:38,804 INFO o.a.j.t.JMeterThread: Thread started: Thread Group 1-1
2021-01-08 15:21:38,806 INFO o.a.j.s.FileServer: Stored: server.txt
2021-01-08 15:21:38,823 INFO o.a.j.p.h.s.HTTPHCAbstractImpl: Local host = DESKTOP-VN3ID57
2021-01-08 15:21:38,828 INFO o.a.j.p.h.s.HTTPHC4Impl: HTTP request retry count = 0
2021-01-08 15:21:39,002 INFO o.a.j.t.JMeterThread: Thread started: Thread Group 1-2
2021-01-08 15:21:39,042 INFO o.a.j.t.JMeterThread: Thread is done: Thread Group 1-1
2021-01-08 15:21:39,042 INFO o.a.j.t.JMeterThread: Thread finished: Thread Group 1-1
2021-01-08 15:21:39,128 INFO o.a.j.t.JMeterThread: Thread is done: Thread Group 1-2
2021-01-08 15:21:39,129 INFO o.a.j.t.JMeterThread: Thread finished: Thread Group 1-2
2021-01-08 15:21:39,201 INFO o.a.j.t.JMeterThread: Thread started: Thread Group 1-3
2021-01-08 15:21:39,327 INFO o.a.j.t.JMeterThread: Thread is done: Thread Group 1-3
2021-01-08 15:21:39,328 INFO o.a.j.t.JMeterThread: Thread finished: Thread Group 1-3
2021-01-08 15:21:39,400 INFO o.a.j.t.JMeterThread: Thread started: Thread Group 1-4
2021-01-08 15:21:39,530 INFO o.a.j.t.JMeterThread: Thread is done: Thread Group 1-4
2021-01-08 15:21:39,530 INFO o.a.j.t.JMeterThread: Thread finished: Thread Group 1-4
2021-01-08 15:21:39,600 INFO o.a.j.t.JMeterThread: Thread started: Thread Group 1-5
2021-01-08 15:21:39,732 INFO o.a.j.t.JMeterThread: Thread is done: Thread Group 1-5
2021-01-08 15:21:39,732 INFO o.a.j.t.JMeterThread: Thread finished: Thread Group 1-5
2021-01-08 15:21:39,733 INFO o.a.j.e.StandardJMeterEngine: Notifying test listeners of end of test
2021-01-08 15:21:39,734 INFO o.a.j.s.FileServer: Close: server.txt
2021-01-08 15:21:39,737 INFO o.a.j.r.Summariser: summary =     10 in 00:00:01 =   10.0/s Avg:    64 Min:    41 Max:   110 Err:     0 (0.00%)
2021-01-08 15:21:39,738 INFO o.a.j.JMeter: Generating Dashboard
2021-01-08 15:21:39,738 INFO o.a.j.r.d.ReportGenerator: Flushing result collector before report Generation
2021-01-08 15:21:39,756 INFO o.a.j.r.p.NormalizerSampleConsumer: Using format, 'yyyy/MM/dd HH:mm:ss.SSS', to parse timeStamp field
2021-01-08 15:21:40,359 INFO o.a.j.r.p.AbstractSampleConsumer: class org.apache.jmeter.report.processor.AggregateConsumer#stopProducing(): beginDate produced 0 samples
2021-01-08 15:21:40,360 INFO o.a.j.r.p.AbstractSampleConsumer: class org.apache.jmeter.report.processor.AggregateConsumer#stopProducing(): endDate produced 0 samples
2021-01-08 15:21:40,361 INFO o.a.j.r.p.AbstractSampleConsumer: class org.apache.jmeter.report.processor.ApdexSummaryConsumer#stopProducing(): apdexSummary produced 0 samples
2021-01-08 15:21:40,362 INFO o.a.j.r.p.AbstractSampleConsumer: class org.apache.jmeter.report.processor.RequestsSummaryConsumer#stopProducing(): requestsSummary produced 0 samples
2021-01-08 15:21:40,368 INFO o.a.j.r.p.AbstractSampleConsumer: class org.apache.jmeter.report.processor.StatisticsSummaryConsumer#stopProducing(): statisticsSummary produced 0 samples
2021-01-08 15:21:40,371 INFO o.a.j.r.p.AbstractSampleConsumer: class org.apache.jmeter.report.processor.Top5ErrorsBySamplerConsumer#stopProducing(): top5ErrorsBySampler produced 0 samples
2021-01-08 15:21:40,371 INFO o.a.j.r.p.AbstractSampleConsumer: class org.apache.jmeter.report.processor.ErrorsSummaryConsumer#stopProducing(): errorsSummary produced 0 samples
2021-01-08 15:21:40,371 INFO o.a.j.r.p.AbstractSampleConsumer: class org.apache.jmeter.report.processor.graph.impl.HitsPerSecondGraphConsumer#stopProducing(): hitsPerSecond produced 0 samples
2021-01-08 15:21:40,379 INFO o.a.j.r.p.AbstractSampleConsumer: class org.apache.jmeter.report.processor.graph.impl.LatencyVSRequestGraphConsumer#stopProducing(): latencyVsRequest produced 0 samples
2021-01-08 15:21:40,380 INFO o.a.j.r.p.AbstractSampleConsumer: class org.apache.jmeter.report.processor.graph.impl.SyntheticResponseTimeDistributionGraphConsumer#stopProducing(): syntheticResponseTimeDistribution produced 0 samples
2021-01-08 15:21:40,380 INFO o.a.j.r.p.AbstractSampleConsumer: class org.apache.jmeter.report.processor.graph.impl.BytesThroughputGraphConsumer#stopProducing(): bytesThroughputOverTime produced 0 samples
2021-01-08 15:21:40,380 INFO o.a.j.r.p.AbstractSampleConsumer: class org.apache.jmeter.report.processor.graph.impl.CodesPerSecondGraphConsumer#stopProducing(): codesPerSecond produced 0 samples
2021-01-08 15:21:40,382 INFO o.a.j.r.p.AbstractSampleConsumer: class org.apache.jmeter.report.processor.graph.impl.ResponseTimeVSRequestGraphConsumer#stopProducing(): responseTimeVsRequest produced 0 samples
2021-01-08 15:21:40,383 INFO o.a.j.r.p.AbstractSampleConsumer: class org.apache.jmeter.report.processor.FilterConsumer#stopProducing(): startIntervalControlerFilter produced 70 samples
2021-01-08 15:21:40,383 INFO o.a.j.r.p.AbstractSampleConsumer: class org.apache.jmeter.report.processor.graph.impl.TotalTPSGraphConsumer#stopProducing(): totalTPS produced 0 samples
2021-01-08 15:21:40,383 INFO o.a.j.r.p.AbstractSampleConsumer: class org.apache.jmeter.report.processor.graph.impl.ActiveThreadsGraphConsumer#stopProducing(): activeThreadsOverTime produced 0 samples
2021-01-08 15:21:40,383 INFO o.a.j.r.p.AbstractSampleConsumer: class org.apache.jmeter.report.processor.graph.impl.TimeVSThreadGraphConsumer#stopProducing(): timeVsThreads produced 0 samples
2021-01-08 15:21:40,383 INFO o.a.j.r.p.AbstractSampleConsumer: class org.apache.jmeter.report.processor.graph.impl.ResponseTimeDistributionGraphConsumer#stopProducing(): responseTimeDistribution produced 0 samples
2021-01-08 15:21:40,383 INFO o.a.j.r.p.AbstractSampleConsumer: class org.apache.jmeter.report.processor.graph.impl.TransactionsPerSecondGraphConsumer#stopProducing(): transactionsPerSecond produced 0 samples
2021-01-08 15:21:40,383 INFO o.a.j.r.p.AbstractSampleConsumer: class org.apache.jmeter.report.processor.graph.impl.ResponseTimePercentilesGraphConsumer#stopProducing(): responseTimePercentiles produced 0 samples
2021-01-08 15:21:40,384 INFO o.a.j.r.p.AbstractSampleConsumer: class org.apache.jmeter.report.processor.graph.impl.ResponseTimePercentilesOverTimeGraphConsumer#stopProducing(): responseTimePercentilesOverTime produced 0 samples
2021-01-08 15:21:40,384 INFO o.a.j.r.p.AbstractSampleConsumer: class org.apache.jmeter.report.processor.graph.impl.ResponseTimeOverTimeGraphConsumer#stopProducing(): responseTimesOverTime produced 0 samples
2021-01-08 15:21:40,384 INFO o.a.j.r.p.AbstractSampleConsumer: class org.apache.jmeter.report.processor.graph.impl.ConnectTimeOverTimeGraphConsumer#stopProducing(): connectTimeOverTime produced 0 samples
2021-01-08 15:21:40,384 INFO o.a.j.r.p.AbstractSampleConsumer: class org.apache.jmeter.report.processor.graph.impl.LatencyOverTimeGraphConsumer#stopProducing(): latenciesOverTime produced 0 samples
2021-01-08 15:21:40,384 INFO o.a.j.r.p.AbstractSampleConsumer: class org.apache.jmeter.report.processor.FilterConsumer#stopProducing(): nameFilter produced 225 samples
2021-01-08 15:21:40,385 INFO o.a.j.r.p.AbstractSampleConsumer: class org.apache.jmeter.report.processor.FilterConsumer#stopProducing(): dateRangeFilter produced 45 samples
2021-01-08 15:21:40,385 INFO o.a.j.r.p.AbstractSampleConsumer: class org.apache.jmeter.report.processor.NormalizerSampleConsumer#stopProducing(): normalizer produced 15 samples
2021-01-08 15:21:40,385 INFO o.a.j.r.p.CsvFileSampleSource: produce(): 15 samples produced in 605ms on channel 0
2021-01-08 15:21:40,385 INFO o.a.j.r.d.ReportGenerator: Exporting data using exporter:'json' of className:'org.apache.jmeter.report.dashboard.JsonExporter'
2021-01-08 15:21:40,386 INFO o.a.j.r.d.JsonExporter: Found data for consumer statisticsSummary?in context
2021-01-08 15:21:40,386 INFO o.a.j.r.d.JsonExporter: Creating statistics for overall
2021-01-08 15:21:40,387 INFO o.a.j.r.d.JsonExporter: Creating statistics for other transactions
2021-01-08 15:21:40,387 INFO o.a.j.r.d.JsonExporter: Checking output folder
2021-01-08 15:21:40,388 INFO o.a.j.r.d.JsonExporter: Writing statistics JSON to D:\apache-jmeter-5.3\report\test0120210108152136\statistics.json
2021-01-08 15:21:40,518 INFO o.a.j.r.d.ReportGenerator: Exporting data using exporter:'html' of className:'org.apache.jmeter.report.dashboard.HtmlTemplateExporter'
2021-01-08 15:21:40,520 INFO o.a.j.r.d.HtmlTemplateExporter: Will generate dashboard in folder: D:\apache-jmeter-5.3\report\test0120210108152136
2021-01-08 15:21:40,615 ERROR f.configuration: DefaultObjectWrapper.incompatibleImprovements was set to the object returned by Configuration.getVersion(). That defeats the purpose of incompatibleImprovements, and makes upgrading FreeMarker a potentially breaking change. Also, this probably won't be allowed starting from 2.4.0. Instead, set incompatibleImprovements to the highest concrete version that's known to be compatible with your application.
2021-01-08 15:21:40,617 ERROR f.configuration: Configuration.incompatibleImprovements was set to the object returned by Configuration.getVersion(). That defeats the purpose of incompatibleImprovements, and makes upgrading FreeMarker a potentially breaking change. Also, this probably won't be allowed starting from 2.4.0. Instead, set incompatibleImprovements to the highest concrete version that's known to be compatible with your application.
2021-01-08 15:21:40,626 INFO o.a.j.r.d.HtmlTemplateExporter: Report will be generated in: D:\apache-jmeter-5.3\report\test0120210108152136, creating folder structure
2021-01-08 15:21:40,628 INFO o.a.j.r.d.TemplateVisitor: Copying folder from 'D:\apache-jmeter-5.3\bin\report-template' to 'D:\apache-jmeter-5.3\report\test0120210108152136', got message: D:\apache-jmeter-5.3\report\test0120210108152136, found non empty folder with following content [D:\apache-jmeter-5.3\report\test0120210108152136\statistics.json], will be ignored
2021-01-08 15:21:40,935 INFO o.a.j.JMeter: Dashboard generated
